<?xml version="1.0" encoding="UTF-8"?>
<testng-results skipped="0" failed="0" ignored="0" total="1" passed="1">
  <reporter-output>
  </reporter-output>
  <suite name="Suite" duration-ms="10479" started-at="2019-10-06T17:32:49Z" finished-at="2019-10-06T17:33:00Z">
    <groups>
    </groups>
    <test name="Test" duration-ms="10479" started-at="2019-10-06T17:32:49Z" finished-at="2019-10-06T17:33:00Z">
      <class name="listenersDemo.VerifyGoogleTitle">
        <test-method status="PASS" signature="verifyGoogleTitle()[pri:0, instance:listenersDemo.VerifyGoogleTitle@77caeb3e]" name="verifyGoogleTitle" duration-ms="10394" started-at="2019-10-06T17:32:49Z" finished-at="2019-10-06T17:33:00Z">
          <reporter-output>
          </reporter-output>
        </test-method> <!-- verifyGoogleTitle -->
      </class> <!-- listenersDemo.VerifyGoogleTitle -->
    </test> <!-- Test -->
  </suite> <!-- Suite -->
</testng-results>
