<?xml version="1.0" encoding="UTF-8"?>
<!-- Generated by org.testng.reporters.JUnitXMLReporter -->
<testsuite hostname="DESKTOP-OM2QHAP" ignored="0" name="Test" tests="4" failures="1" timestamp="22 Sep 2019 07:44:59 GMT" time="104.973" errors="0">
  <testcase name="verifyLoginPageTitleTest" time="0.157" classname="com.VisionIT.FreeCrmPro.TestCases.LoginPageTC">
    <failure type="java.lang.AssertionError" message="Title of the page is not matching .. expected [CRMPRO - CRM software for customer relationship management, sales, and support.] but found []">
      <![CDATA[java.lang.AssertionError: Title of the page is not matching .. expected [CRMPRO - CRM software for customer relationship management, sales, and support.] but found []
at com.VisionIT.FreeCrmPro.TestCases.LoginPageTC.verifyLoginPageTitleTest(LoginPageTC.java:26)
... Removed 30 stack frames]]>
    </failure>
  </testcase> <!-- verifyLoginPageTitleTest -->
  <testcase name="verifyCRMPROLogoTest" time="0.488" classname="com.VisionIT.FreeCrmPro.TestCases.LoginPageTC"/>
  <testcase name="navigateToCreateAnAccountPageTest" time="9.46" classname="com.VisionIT.FreeCrmPro.TestCases.LoginPageTC"/>
  <testcase name="verifyloginToCrmProTest" time="15.277" classname="com.VisionIT.FreeCrmPro.TestCases.LoginPageTC"/>
</testsuite> <!-- Test -->
